TN:
SF:bank/helpers.js
FN:4,(anonymous_0)
FNF:1
FNH:0
FNDA:0,(anonymous_0)
DA:3,1
DA:5,0
DA:6,0
LF:3
LH:1
BRF:0
BRH:0
end_of_record
TN:
SF:bank/controller/userController/authorize.js
FN:3,(anonymous_0)
FNF:1
FNH:1
FNDA:4,(anonymous_0)
DA:1,1
DA:3,1
DA:4,4
DA:6,4
DA:7,4
DA:12,3
DA:13,1
DA:14,1
DA:15,1
DA:16,1
DA:18,2
DA:19,2
DA:21,2
DA:22,1
DA:23,1
DA:24,1
DA:25,1
DA:28,1
DA:29,1
DA:31,2
LF:20
LH:20
BRDA:12,0,0,1
BRDA:12,0,1,2
BRDA:21,1,0,1
BRDA:21,1,1,1
BRF:4
BRH:4
end_of_record
TN:
SF:bank/controller/userController/authorizeToken.js
FN:3,(anonymous_0)
FNF:1
FNH:1
FNDA:2,(anonymous_0)
DA:1,1
DA:3,1
DA:5,2
DA:6,2
DA:10,2
DA:11,2
DA:12,1
DA:13,1
DA:15,1
DA:16,1
DA:18,2
LF:11
LH:11
BRF:0
BRH:0
end_of_record
TN:
SF:bank/controller/userController/listUsers.js
FN:4,(anonymous_0)
FNF:1
FNH:1
FNDA:2,(anonymous_0)
DA:1,1
DA:2,1
DA:4,1
DA:5,2
DA:6,2
DA:7,2
DA:8,1
DA:11,1
DA:12,1
DA:14,1
LF:10
LH:10
BRF:0
BRH:0
end_of_record
TN:
SF:bank/controller/userController/logout.js
FN:4,(anonymous_0)
FNF:1
FNH:1
FNDA:3,(anonymous_0)
DA:1,1
DA:2,1
DA:4,1
DA:5,3
DA:7,3
DA:8,3
DA:13,2
DA:14,1
DA:15,1
DA:16,1
DA:17,1
DA:19,1
DA:21,1
DA:22,1
DA:24,1
LF:15
LH:15
BRDA:13,0,0,1
BRDA:13,0,1,1
BRF:2
BRH:2
end_of_record
TN:
SF:bank/controller/userController/signIn.js
FN:8,(anonymous_0)
FNF:1
FNH:1
FNDA:4,(anonymous_0)
DA:1,1
DA:2,1
DA:3,1
DA:5,1
DA:6,1
DA:8,1
DA:9,4
DA:10,4
DA:11,4
DA:13,4
DA:15,3
DA:16,1
DA:17,1
DA:18,1
DA:19,1
DA:22,2
DA:24,2
DA:25,1
DA:26,1
DA:27,1
DA:28,1
DA:30,1
DA:34,1
DA:40,1
DA:42,1
DA:48,1
DA:49,1
DA:50,1
LF:28
LH:28
BRDA:15,0,0,1
BRDA:15,0,1,2
BRDA:15,1,0,3
BRDA:15,1,1,2
BRDA:24,2,0,1
BRDA:24,2,1,1
BRF:6
BRH:6
end_of_record
TN:
SF:bank/controller/userController/signInOnEmail.js
FN:7,(anonymous_0)
FNF:1
FNH:1
FNDA:4,(anonymous_0)
DA:1,1
DA:2,1
DA:3,1
DA:5,1
DA:7,1
DA:8,4
DA:9,4
DA:10,4
DA:12,4
DA:14,3
DA:15,1
DA:16,1
DA:17,1
DA:18,1
DA:21,2
DA:22,1
DA:23,1
DA:24,1
DA:25,1
DA:27,1
DA:30,1
DA:36,1
DA:38,1
DA:44,1
DA:45,1
DA:46,1
LF:26
LH:26
BRDA:14,0,0,1
BRDA:14,0,1,2
BRDA:14,1,0,3
BRDA:14,1,1,3
BRDA:21,2,0,1
BRDA:21,2,1,1
BRF:6
BRH:6
end_of_record
TN:
SF:bank/controller/userController/updateUser.js
FN:6,(anonymous_0)
FNF:1
FNH:1
FNDA:2,(anonymous_0)
DA:1,1
DA:2,1
DA:3,1
DA:4,1
DA:6,1
DA:9,2
DA:10,2
DA:11,2
DA:12,2
DA:15,2
DA:16,2
DA:17,2
DA:20,2
DA:28,2
DA:30,1
DA:31,1
DA:32,1
LF:17
LH:17
BRDA:11,0,0,2
BRDA:11,0,1,0
BRDA:15,1,0,2
BRDA:15,1,1,0
BRF:4
BRH:2
end_of_record
TN:
SF:bank/controller/userController/validateSignIn.js
FN:3,(anonymous_0)
FNF:1
FNH:1
FNDA:4,(anonymous_0)
DA:1,1
DA:3,1
DA:4,4
DA:5,4
DA:6,4
DA:8,3
DA:9,3
DA:11,4
LF:8
LH:8
BRF:0
BRH:0
end_of_record
TN:
SF:bank/controller/userController/validateSignUpUser.js
FN:3,(anonymous_0)
FNF:1
FNH:1
FNDA:6,(anonymous_0)
DA:1,1
DA:3,1
DA:4,6
DA:5,6
DA:6,6
DA:8,5
DA:9,5
DA:11,6
LF:8
LH:8
BRF:0
BRH:0
end_of_record
TN:
SF:bank/controller/userController/validateUpdateUser.js
FN:2,(anonymous_0)
FNF:1
FNH:1
FNDA:4,(anonymous_0)
DA:1,1
DA:2,1
DA:3,4
DA:4,4
DA:5,4
DA:7,3
DA:8,3
DA:10,4
LF:8
LH:8
BRF:0
BRH:0
end_of_record
TN:
SF:bank/controller/userController/verifyEmail.js
FN:3,(anonymous_0)
FNF:1
FNH:1
FNDA:4,(anonymous_0)
DA:1,1
DA:3,1
DA:4,4
DA:5,4
DA:6,4
DA:8,4
DA:9,4
DA:10,1
DA:11,1
DA:12,1
DA:13,1
DA:16,3
DA:17,2
DA:18,1
DA:19,1
DA:20,1
DA:21,1
DA:24,1
DA:26,1
DA:27,1
DA:29,2
LF:21
LH:21
BRDA:9,0,0,1
BRDA:9,0,1,3
BRDA:17,1,0,1
BRDA:17,1,1,1
BRF:4
BRH:4
end_of_record
TN:
SF:bank/helpers/getBalance.js
FN:3,(anonymous_0)
FNF:1
FNH:1
FNDA:2,(anonymous_0)
DA:1,4
DA:3,4
DA:4,2
DA:5,2
DA:17,2
DA:18,0
DA:20,2
DA:23,0
LF:8
LH:6
BRDA:17,0,0,0
BRDA:17,0,1,2
BRDA:17,1,0,2
BRDA:17,1,1,2
BRF:4
BRH:3
end_of_record
TN:
SF:bank/helpers/index.js
FNF:0
FNH:0
DA:1,4
LF:1
LH:1
BRF:0
BRH:0
end_of_record
TN:
SF:bank/helpers/preparedTransAction.js
FN:1,(anonymous_0)
FN:2,(anonymous_1)
FNF:2
FNH:0
FNDA:0,(anonymous_0)
FNDA:0,(anonymous_1)
DA:1,4
DA:2,0
DA:3,0
DA:4,0
DA:5,0
LF:5
LH:1
BRF:0
BRH:0
end_of_record
TN:
SF:bank/helpers/preparedUser.js
FN:1,(anonymous_0)
FN:3,(anonymous_1)
FNF:2
FNH:2
FNDA:5,(anonymous_0)
FNDA:2,(anonymous_1)
DA:1,4
DA:2,5
DA:3,1
DA:4,2
DA:5,2
DA:8,4
DA:9,3
LF:7
LH:7
BRDA:2,0,0,1
BRDA:2,0,1,4
BRF:2
BRH:2
end_of_record
TN:
SF:bank/helpers/sendEmail.js
FN:3,sendEmail
FNF:1
FNH:0
FNDA:0,sendEmail
DA:1,4
DA:4,0
DA:11,0
DA:17,0
DA:18,0
DA:20,0
DA:23,4
LF:7
LH:2
BRF:0
BRH:0
end_of_record
TN:
SF:bank/helpers/sendVerificationEmail.js
FN:5,sendVerificationEmail
FNF:1
FNH:0
FNDA:0,sendVerificationEmail
DA:1,4
DA:2,4
DA:3,4
DA:6,0
DA:7,0
DA:8,0
DA:11,4
LF:7
LH:4
BRF:0
BRH:0
end_of_record
TN:
SF:bank/models/TokenClass.js
FN:2,(anonymous_0)
FN:6,(anonymous_1)
FNF:2
FNH:0
FNDA:0,(anonymous_0)
FNDA:0,(anonymous_1)
DA:3,0
DA:7,0
DA:10,8
LF:3
LH:1
BRF:0
BRH:0
end_of_record
TN:
SF:bank/models/UserClass.js
FN:2,(anonymous_0)
FN:10,(anonymous_1)
FN:14,(anonymous_2)
FN:22,(anonymous_3)
FN:26,(anonymous_4)
FN:33,(anonymous_5)
FNF:6
FNH:0
FNDA:0,(anonymous_0)
FNDA:0,(anonymous_1)
FNDA:0,(anonymous_2)
FNDA:0,(anonymous_3)
FNDA:0,(anonymous_4)
FNDA:0,(anonymous_5)
DA:3,0
DA:11,0
DA:15,0
DA:23,0
DA:27,0
DA:34,0
DA:43,8
LF:7
LH:1
BRF:0
BRH:0
end_of_record
TN:
SF:bank/models/index.js
FNF:0
FNH:0
DA:1,8
LF:1
LH:1
BRF:0
BRH:0
end_of_record
TN:
SF:bank/models/tokenModel.js
FNF:0
FNH:0
DA:1,8
DA:2,8
DA:3,8
DA:5,8
DA:11,8
DA:13,8
DA:15,8
LF:7
LH:7
BRF:0
BRH:0
end_of_record
TN:
SF:bank/models/transactionModel.js
FNF:0
FNH:0
DA:1,8
DA:2,8
DA:4,8
DA:19,8
DA:24,8
LF:5
LH:5
BRF:0
BRH:0
end_of_record
TN:
SF:bank/models/userModel.js
FNF:0
FNH:0
DA:1,8
DA:2,8
DA:3,8
DA:5,8
DA:19,8
DA:21,8
DA:23,8
LF:7
LH:7
BRF:0
BRH:0
end_of_record
TN:
SF:bank/validations/JoiAddUserTransaction.js
FN:3,(anonymous_0)
FNF:1
FNH:0
FNDA:0,(anonymous_0)
DA:1,3
DA:3,3
DA:4,0
DA:10,0
DA:12,0
DA:13,0
LF:6
LH:2
BRDA:12,0,0,0
BRDA:12,0,1,0
BRF:2
BRH:0
end_of_record
TN:
SF:bank/validations/JoiSignIn.js
FN:3,(anonymous_0)
FNF:1
FNH:1
FNDA:4,(anonymous_0)
DA:1,3
DA:3,3
DA:4,4
DA:12,4
DA:14,4
DA:15,3
LF:6
LH:6
BRDA:14,0,0,3
BRDA:14,0,1,1
BRF:2
BRH:2
end_of_record
TN:
SF:bank/validations/JoiSignUp.js
FN:3,(anonymous_0)
FNF:1
FNH:1
FNDA:6,(anonymous_0)
DA:1,3
DA:3,3
DA:4,6
DA:15,6
DA:16,6
DA:17,5
LF:6
LH:6
BRDA:16,0,0,5
BRDA:16,0,1,1
BRF:2
BRH:2
end_of_record
TN:
SF:bank/validations/JoiUpdateUser.js
FN:3,(anonymous_0)
FNF:1
FNH:1
FNDA:4,(anonymous_0)
DA:1,3
DA:3,3
DA:4,4
DA:10,4
DA:11,4
DA:12,3
LF:6
LH:6
BRDA:11,0,0,3
BRDA:11,0,1,1
BRF:2
BRH:2
end_of_record
TN:
SF:bank/validations/JoiValidateTransactionListQuery.js
FN:3,(anonymous_0)
FNF:1
FNH:0
FNDA:0,(anonymous_0)
DA:1,3
DA:3,3
DA:4,0
DA:11,0
DA:13,0
DA:14,0
LF:6
LH:2
BRDA:13,0,0,0
BRDA:13,0,1,0
BRF:2
BRH:0
end_of_record
TN:
SF:bank/validations/index.js
FNF:0
FNH:0
DA:1,3
LF:1
LH:1
BRF:0
BRH:0
end_of_record
